time="2022-08-12T09:58:45Z" level=info msg="Configuration loaded from file: /etc/traefik/traefik.yml"
time="2022-08-12T09:58:45Z" level=info msg="Traefik version 2.7.3 built on 2022-06-29T13:48:15Z"
time="2022-08-12T09:58:45Z" level=debug msg="Static configuration loaded {\"global\":{\"checkNewVersion\":true},\"serversTransport\":{\"maxIdleConnsPerHost\":200},\"entryPoints\":{\"web\":{\"address\":\":80\",\"transport\":{\"lifeCycle\":{\"graceTimeOut\":\"10s\"},\"respondingTimeouts\":{\"idleTimeout\":\"3m0s\"}},\"forwardedHeaders\":{},\"http\":{\"redirections\":{\"entryPoint\":{\"to\":\"websecure\",\"scheme\":\"https\",\"permanent\":true,\"priority\":2147483646}}},\"udp\":{\"timeout\":\"3s\"}},\"websecure\":{\"address\":\":443\",\"transport\":{\"lifeCycle\":{\"graceTimeOut\":\"10s\"},\"respondingTimeouts\":{\"idleTimeout\":\"3m0s\"}},\"forwardedHeaders\":{},\"http\":{\"tls\":{\"certResolver\":\"step-ca\"}},\"udp\":{\"timeout\":\"3s\"}}},\"providers\":{\"providersThrottleDuration\":\"2s\",\"docker\":{\"watch\":true,\"endpoint\":\"unix:///var/run/docker.sock\",\"defaultRule\":\"Host(`{{ normalize .Name }}`)\",\"swarmModeRefreshSeconds\":\"15s\"},\"file\":{\"directory\":\"/etc/traefik/dynamic\",\"watch\":true}},\"api\":{\"dashboard\":true},\"log\":{\"level\":\"DEBUG\",\"format\":\"common\"},\"certificatesResolvers\":{\"step-ca\":{\"acme\":{\"email\":\"admin@example.com\",\"caServer\":\"https://step-ca:9000/acme/acme/directory\",\"storage\":\"/var/acme/acme.json\",\"keyType\":\"RSA4096\",\"certificatesDuration\":24,\"tlsChallenge\":{}}}},\"pilot\":{\"dashboard\":true}}"
time="2022-08-12T09:58:45Z" level=info msg="\nStats collection is disabled.\nHelp us improve Traefik by turning this feature on :)\nMore details on: https://doc.traefik.io/traefik/contributing/data-collection/\n"
time="2022-08-12T09:58:45Z" level=info msg="Starting provider aggregator aggregator.ProviderAggregator"
time="2022-08-12T09:58:45Z" level=debug msg="Starting TCP Server" entryPointName=websecure
time="2022-08-12T09:58:45Z" level=debug msg="Starting TCP Server" entryPointName=web
time="2022-08-12T09:58:45Z" level=info msg="Starting provider *file.Provider"
time="2022-08-12T09:58:45Z" level=debug msg="*file.Provider provider configuration: {\"directory\":\"/etc/traefik/dynamic\",\"watch\":true}"
time="2022-08-12T09:58:45Z" level=info msg="Starting provider *traefik.Provider"
time="2022-08-12T09:58:45Z" level=debug msg="*traefik.Provider provider configuration: {}"
time="2022-08-12T09:58:45Z" level=info msg="Starting provider *acme.ChallengeTLSALPN"
time="2022-08-12T09:58:45Z" level=debug msg="*acme.ChallengeTLSALPN provider configuration: {}"
time="2022-08-12T09:58:45Z" level=info msg="Starting provider *docker.Provider"
time="2022-08-12T09:58:45Z" level=debug msg="*docker.Provider provider configuration: {\"watch\":true,\"endpoint\":\"unix:///var/run/docker.sock\",\"defaultRule\":\"Host(`{{ normalize .Name }}`)\",\"swarmModeRefreshSeconds\":\"15s\"}"
time="2022-08-12T09:58:45Z" level=info msg="Starting provider *acme.Provider"
time="2022-08-12T09:58:45Z" level=debug msg="*acme.Provider provider configuration: {\"email\":\"admin@example.com\",\"caServer\":\"https://step-ca:9000/acme/acme/directory\",\"storage\":\"/var/acme/acme.json\",\"keyType\":\"RSA4096\",\"certificatesDuration\":24,\"tlsChallenge\":{},\"ResolverName\":\"step-ca\",\"store\":{},\"TLSChallengeProvider\":{},\"HTTPChallengeProvider\":{}}"
time="2022-08-12T09:58:45Z" level=debug msg="Configuration received: {\"http\":{\"routers\":{\"web-to-websecure\":{\"entryPoints\":[\"web\"],\"middlewares\":[\"redirect-web-to-websecure\"],\"service\":\"noop@internal\",\"rule\":\"HostRegexp(`{host:.+}`)\",\"priority\":2147483646}},\"services\":{\"api\":{},\"dashboard\":{},\"noop\":{}},\"middlewares\":{\"redirect-web-to-websecure\":{\"redirectScheme\":{\"scheme\":\"https\",\"port\":\"443\",\"permanent\":true}}},\"models\":{\"websecure\":{\"tls\":{\"certResolver\":\"step-ca\"}}},\"serversTransports\":{\"default\":{\"maxIdleConnsPerHost\":200}}},\"tcp\":{},\"udp\":{},\"tls\":{}}" providerName=internal
time="2022-08-12T09:58:45Z" level=debug msg="Configuration received: {\"http\":{\"routers\":{\"dashboard\":{\"entryPoints\":[\"websecure\"],\"service\":\"api@internal\",\"rule\":\"Host(`traefik.test`)\"}},\"serversTransports\":{\"insecure\":{\"insecureSkipVerify\":true}}},\"tcp\":{},\"udp\":{},\"tls\":{}}" providerName=file
time="2022-08-12T09:58:45Z" level=debug msg="Attempt to renew certificates \"6h0m0s\" before expiry and check every \"10m0s\"" providerName=step-ca.acme ACME CA="https://step-ca:9000/acme/acme/directory"
time="2022-08-12T09:58:45Z" level=info msg="Testing certificate renew..." providerName=step-ca.acme ACME CA="https://step-ca:9000/acme/acme/directory"
time="2022-08-12T09:58:45Z" level=debug msg="Configuration received: {\"http\":{},\"tcp\":{},\"udp\":{},\"tls\":{}}" providerName=step-ca.acme
time="2022-08-12T09:58:45Z" level=debug msg="No default certificate, generating one" tlsStoreName=default
time="2022-08-12T09:58:45Z" level=debug msg="Provider connection established with docker 20.10.17 (API 1.41)" providerName=docker
time="2022-08-12T09:58:45Z" level=debug msg="Filtering disabled container" providerName=docker container=traefik-traefik-72b32a4523014c590f46c473f669ba1d8b2393c4a4e73b2841142c585da8172e
time="2022-08-12T09:58:45Z" level=debug msg="Filtering disabled container" providerName=docker container=mutagen-atwintaapi-0eefd868e4df52fdf9efed5abf3664fabd9d5e3407ec70ee7e8712df93eae43f
time="2022-08-12T09:58:45Z" level=debug msg="Filtering disabled container" providerName=docker container=redis-databases-483c2e3d963ce2d92b19e333bb2f77d85eae334488c75ffd07e7b0d4818d710b
time="2022-08-12T09:58:45Z" level=debug msg="Filtering disabled container" providerName=docker container=postgres-databases-44fde60949756730035d3dd123e1643106a3dfcab2b1ca1225e9f7456cb79ca8
time="2022-08-12T09:58:45Z" level=debug msg="Filtering disabled container" providerName=docker container=mariadb-databases-129f1177c93ba94772fffc26cb59933a3f1e21c631c68bf0b3a409bf3e8eb3d4
time="2022-08-12T09:58:45Z" level=debug msg="Configuration received: {\"http\":{\"routers\":{\"backend\":{\"entryPoints\":[\"websecure\"],\"service\":\"backend\",\"rule\":\"Host(`laravel.test`)\"},\"step\":{\"entryPoints\":[\"websecure\"],\"service\":\"step\",\"rule\":\"Host(`step.test`)\"}},\"services\":{\"backend\":{\"loadBalancer\":{\"servers\":[{\"url\":\"http://172.92.0.6:8000\"}],\"passHostHeader\":true}},\"step\":{\"loadBalancer\":{\"servers\":[{\"url\":\"https://172.92.0.3:9000\"}],\"passHostHeader\":true,\"serversTransport\":\"insecure@file\"}}}},\"tcp\":{},\"udp\":{}}" providerName=docker
time="2022-08-12T09:58:45Z" level=debug msg="Added outgoing tracing middleware noop@internal" middlewareType=TracingForwarder entryPointName=web routerName=web-to-websecure@internal middlewareName=tracing
time="2022-08-12T09:58:45Z" level=debug msg="Creating middleware" middlewareName=redirect-web-to-websecure@internal middlewareType=RedirectScheme routerName=web-to-websecure@internal entryPointName=web
time="2022-08-12T09:58:45Z" level=debug msg="Setting up redirection to https 443" middlewareType=RedirectScheme routerName=web-to-websecure@internal entryPointName=web middlewareName=redirect-web-to-websecure@internal
time="2022-08-12T09:58:45Z" level=debug msg="Adding tracing to middleware" entryPointName=web routerName=web-to-websecure@internal middlewareName=redirect-web-to-websecure@internal
time="2022-08-12T09:58:45Z" level=debug msg="Creating middleware" middlewareName=traefik-internal-recovery middlewareType=Recovery entryPointName=web
time="2022-08-12T09:58:45Z" level=debug msg="No default certificate, generating one" tlsStoreName=default
time="2022-08-12T09:58:45Z" level=debug msg="Adding certificate for domain(s) step.test"
time="2022-08-12T09:58:45Z" level=debug msg="Adding certificate for domain(s) traefik.test"
time="2022-08-12T09:58:45Z" level=debug msg="Adding certificate for domain(s) laravel.test"
time="2022-08-12T09:58:45Z" level=debug msg="Added outgoing tracing middleware noop@internal" entryPointName=web routerName=web-to-websecure@internal middlewareName=tracing middlewareType=TracingForwarder
time="2022-08-12T09:58:45Z" level=debug msg="Creating middleware" middlewareName=redirect-web-to-websecure@internal middlewareType=RedirectScheme entryPointName=web routerName=web-to-websecure@internal
time="2022-08-12T09:58:45Z" level=debug msg="Setting up redirection to https 443" entryPointName=web routerName=web-to-websecure@internal middlewareName=redirect-web-to-websecure@internal middlewareType=RedirectScheme
time="2022-08-12T09:58:45Z" level=debug msg="Adding tracing to middleware" routerName=web-to-websecure@internal entryPointName=web middlewareName=redirect-web-to-websecure@internal
time="2022-08-12T09:58:45Z" level=debug msg="Creating middleware" entryPointName=web middlewareName=traefik-internal-recovery middlewareType=Recovery
time="2022-08-12T09:58:45Z" level=debug msg="Added outgoing tracing middleware api@internal" middlewareType=TracingForwarder entryPointName=websecure routerName=dashboard@file middlewareName=tracing
time="2022-08-12T09:58:45Z" level=debug msg="Creating middleware" middlewareType=Pipelining entryPointName=websecure routerName=backend@docker serviceName=backend middlewareName=pipelining
time="2022-08-12T09:58:45Z" level=debug msg="Creating load-balancer" entryPointName=websecure routerName=backend@docker serviceName=backend
time="2022-08-12T09:58:45Z" level=debug msg="Creating server 0 http://172.92.0.6:8000" entryPointName=websecure routerName=backend@docker serverName=0 serviceName=backend
time="2022-08-12T09:58:45Z" level=debug msg="child http://172.92.0.6:8000 now UP"
time="2022-08-12T09:58:45Z" level=debug msg="Propagating new UP status"
time="2022-08-12T09:58:45Z" level=debug msg="Added outgoing tracing middleware backend" entryPointName=websecure routerName=backend@docker middlewareName=tracing middlewareType=TracingForwarder
time="2022-08-12T09:58:45Z" level=debug msg="Creating middleware" routerName=step@docker middlewareName=pipelining middlewareType=Pipelining serviceName=step entryPointName=websecure
time="2022-08-12T09:58:45Z" level=debug msg="Creating load-balancer" entryPointName=websecure routerName=step@docker serviceName=step
time="2022-08-12T09:58:45Z" level=debug msg="Creating server 0 https://172.92.0.3:9000" entryPointName=websecure routerName=step@docker serviceName=step serverName=0
time="2022-08-12T09:58:45Z" level=debug msg="child https://172.92.0.3:9000 now UP"
time="2022-08-12T09:58:45Z" level=debug msg="Propagating new UP status"
time="2022-08-12T09:58:45Z" level=debug msg="Added outgoing tracing middleware step" routerName=step@docker middlewareName=tracing middlewareType=TracingForwarder entryPointName=websecure
time="2022-08-12T09:58:45Z" level=debug msg="Creating middleware" entryPointName=websecure middlewareName=traefik-internal-recovery middlewareType=Recovery
time="2022-08-12T09:58:45Z" level=debug msg="Adding route for traefik.test with TLS options default" entryPointName=websecure
time="2022-08-12T09:58:45Z" level=debug msg="Adding route for laravel.test with TLS options default" entryPointName=websecure
time="2022-08-12T09:58:45Z" level=debug msg="Adding route for step.test with TLS options default" entryPointName=websecure
time="2022-08-12T09:58:45Z" level=debug msg="Try to challenge certificate for domain [traefik.test] found in HostSNI rule" rule="Host(`traefik.test`)" providerName=step-ca.acme ACME CA="https://step-ca:9000/acme/acme/directory" routerName=dashboard@file
time="2022-08-12T09:58:45Z" level=debug msg="Try to challenge certificate for domain [laravel.test] found in HostSNI rule" providerName=step-ca.acme ACME CA="https://step-ca:9000/acme/acme/directory" routerName=backend@docker rule="Host(`laravel.test`)"
time="2022-08-12T09:58:45Z" level=debug msg="Try to challenge certificate for domain [step.test] found in HostSNI rule" ACME CA="https://step-ca:9000/acme/acme/directory" routerName=step@docker rule="Host(`step.test`)" providerName=step-ca.acme
time="2022-08-12T09:58:45Z" level=debug msg="Looking for provided certificate(s) to validate [\"step.test\"]..." ACME CA="https://step-ca:9000/acme/acme/directory" routerName=step@docker rule="Host(`step.test`)" providerName=step-ca.acme
time="2022-08-12T09:58:45Z" level=debug msg="No ACME certificate generation required for domains [\"step.test\"]." ACME CA="https://step-ca:9000/acme/acme/directory" routerName=step@docker rule="Host(`step.test`)" providerName=step-ca.acme
time="2022-08-12T09:58:45Z" level=debug msg="Looking for provided certificate(s) to validate [\"traefik.test\"]..." ACME CA="https://step-ca:9000/acme/acme/directory" routerName=dashboard@file rule="Host(`traefik.test`)" providerName=step-ca.acme
time="2022-08-12T09:58:45Z" level=debug msg="No ACME certificate generation required for domains [\"traefik.test\"]." providerName=step-ca.acme ACME CA="https://step-ca:9000/acme/acme/directory" routerName=dashboard@file rule="Host(`traefik.test`)"
time="2022-08-12T09:58:45Z" level=debug msg="Looking for provided certificate(s) to validate [\"laravel.test\"]..." ACME CA="https://step-ca:9000/acme/acme/directory" routerName=backend@docker rule="Host(`laravel.test`)" providerName=step-ca.acme
time="2022-08-12T09:58:45Z" level=debug msg="No ACME certificate generation required for domains [\"laravel.test\"]." providerName=step-ca.acme ACME CA="https://step-ca:9000/acme/acme/directory" routerName=backend@docker rule="Host(`laravel.test`)"
time="2022-08-12T09:59:19Z" level=debug msg="Provider event received {Status:die ID:0eefd868e4df52fdf9efed5abf3664fabd9d5e3407ec70ee7e8712df93eae43f From:mutagenio/sidecar:0.15.0-enhanced Type:container Action:die Actor:{ID:0eefd868e4df52fdf9efed5abf3664fabd9d5e3407ec70ee7e8712df93eae43f Attributes:map[com.docker.compose.config-hash:27376685f1edba5fb8ee3f3246cca02b6cd2d5602ca29189ace5f341b44a9cd5 com.docker.compose.container-number:1 com.docker.compose.depends_on: com.docker.compose.image:sha256:afeee97a69197809ba2fdd68dbbdbb999a4a8f0e1d63878df7bc945449c8d44a com.docker.compose.oneoff:False com.docker.compose.project:atwintaapi com.docker.compose.project.config_files:/home/user/AtwintaAPI/docker-compose.yml com.docker.compose.project.working_dir:/home/user/AtwintaAPI com.docker.compose.service:mutagen com.docker.compose.version:2.6.0 exitCode:0 image:mutagenio/sidecar:0.15.0-enhanced io.mutagen.compose.role:sidecar io.mutagen.compose.version:0.15.0 name:atwintaapi-mutagen-1]} Scope:local Time:1660298359 TimeNano:1660298359441651080}" providerName=docker
time="2022-08-12T09:59:19Z" level=debug msg="Filtering disabled container" providerName=docker container=traefik-traefik-72b32a4523014c590f46c473f669ba1d8b2393c4a4e73b2841142c585da8172e
time="2022-08-12T09:59:19Z" level=debug msg="Filtering disabled container" providerName=docker container=redis-databases-483c2e3d963ce2d92b19e333bb2f77d85eae334488c75ffd07e7b0d4818d710b
time="2022-08-12T09:59:19Z" level=debug msg="Filtering disabled container" container=postgres-databases-44fde60949756730035d3dd123e1643106a3dfcab2b1ca1225e9f7456cb79ca8 providerName=docker
time="2022-08-12T09:59:19Z" level=debug msg="Filtering disabled container" container=mariadb-databases-129f1177c93ba94772fffc26cb59933a3f1e21c631c68bf0b3a409bf3e8eb3d4 providerName=docker
time="2022-08-12T09:59:19Z" level=debug msg="Configuration received: {\"http\":{\"routers\":{\"backend\":{\"entryPoints\":[\"websecure\"],\"service\":\"backend\",\"rule\":\"Host(`laravel.test`)\"},\"step\":{\"entryPoints\":[\"websecure\"],\"service\":\"step\",\"rule\":\"Host(`step.test`)\"}},\"services\":{\"backend\":{\"loadBalancer\":{\"servers\":[{\"url\":\"http://172.92.0.6:8000\"}],\"passHostHeader\":true}},\"step\":{\"loadBalancer\":{\"servers\":[{\"url\":\"https://172.92.0.3:9000\"}],\"passHostHeader\":true,\"serversTransport\":\"insecure@file\"}}}},\"tcp\":{},\"udp\":{}}" providerName=docker
time="2022-08-12T09:59:19Z" level=debug msg="Skipping unchanged configuration." providerName=docker
time="2022-08-12T09:59:19Z" level=debug msg="Provider event received {Status:start ID:0eefd868e4df52fdf9efed5abf3664fabd9d5e3407ec70ee7e8712df93eae43f From:mutagenio/sidecar:0.15.0-enhanced Type:container Action:start Actor:{ID:0eefd868e4df52fdf9efed5abf3664fabd9d5e3407ec70ee7e8712df93eae43f Attributes:map[com.docker.compose.config-hash:27376685f1edba5fb8ee3f3246cca02b6cd2d5602ca29189ace5f341b44a9cd5 com.docker.compose.container-number:1 com.docker.compose.depends_on: com.docker.compose.image:sha256:afeee97a69197809ba2fdd68dbbdbb999a4a8f0e1d63878df7bc945449c8d44a com.docker.compose.oneoff:False com.docker.compose.project:atwintaapi com.docker.compose.project.config_files:/home/user/AtwintaAPI/docker-compose.yml com.docker.compose.project.working_dir:/home/user/AtwintaAPI com.docker.compose.service:mutagen com.docker.compose.version:2.6.0 image:mutagenio/sidecar:0.15.0-enhanced io.mutagen.compose.role:sidecar io.mutagen.compose.version:0.15.0 name:atwintaapi-mutagen-1]} Scope:local Time:1660298359 TimeNano:1660298359898864917}" providerName=docker
time="2022-08-12T09:59:19Z" level=debug msg="Filtering disabled container" providerName=docker container=traefik-traefik-72b32a4523014c590f46c473f669ba1d8b2393c4a4e73b2841142c585da8172e
time="2022-08-12T09:59:19Z" level=debug msg="Filtering disabled container" providerName=docker container=mutagen-atwintaapi-0eefd868e4df52fdf9efed5abf3664fabd9d5e3407ec70ee7e8712df93eae43f
time="2022-08-12T09:59:19Z" level=debug msg="Filtering disabled container" providerName=docker container=redis-databases-483c2e3d963ce2d92b19e333bb2f77d85eae334488c75ffd07e7b0d4818d710b
time="2022-08-12T09:59:19Z" level=debug msg="Filtering disabled container" container=postgres-databases-44fde60949756730035d3dd123e1643106a3dfcab2b1ca1225e9f7456cb79ca8 providerName=docker
time="2022-08-12T09:59:19Z" level=debug msg="Filtering disabled container" providerName=docker container=mariadb-databases-129f1177c93ba94772fffc26cb59933a3f1e21c631c68bf0b3a409bf3e8eb3d4
time="2022-08-12T09:59:21Z" level=debug msg="Configuration received: {\"http\":{\"routers\":{\"backend\":{\"entryPoints\":[\"websecure\"],\"service\":\"backend\",\"rule\":\"Host(`laravel.test`)\"},\"step\":{\"entryPoints\":[\"websecure\"],\"service\":\"step\",\"rule\":\"Host(`step.test`)\"}},\"services\":{\"backend\":{\"loadBalancer\":{\"servers\":[{\"url\":\"http://172.92.0.6:8000\"}],\"passHostHeader\":true}},\"step\":{\"loadBalancer\":{\"servers\":[{\"url\":\"https://172.92.0.3:9000\"}],\"passHostHeader\":true,\"serversTransport\":\"insecure@file\"}}}},\"tcp\":{},\"udp\":{}}" providerName=docker
time="2022-08-12T09:59:21Z" level=debug msg="Skipping unchanged configuration." providerName=docker
time="2022-08-12T09:59:21Z" level=debug msg="Provider event received {Status:die ID:1a3c73c216e7822325cd285866cfd2e45ca55cf5bbcdabaf23bf50867728819e From:ghcr.io/xwillq/dev-environment/php/8.1-rr:latest Type:container Action:die Actor:{ID:1a3c73c216e7822325cd285866cfd2e45ca55cf5bbcdabaf23bf50867728819e Attributes:map[com.docker.compose.config-hash:9ca18fd3e0972d21b714b06f1bdec63f3844894892d59dded6e4adacb258d076 com.docker.compose.container-number:1 com.docker.compose.depends_on: com.docker.compose.image:sha256:81c75c7c05565981462ea95f383654d5abf1707f253016bc40ac0797fb268dc3 com.docker.compose.oneoff:False com.docker.compose.project:atwintaapi com.docker.compose.project.config_files:/home/user/AtwintaAPI/docker-compose.yml com.docker.compose.project.working_dir:/home/user/AtwintaAPI com.docker.compose.service:backend com.docker.compose.version:2.6.0 exitCode:0 image:ghcr.io/xwillq/dev-environment/php/8.1-rr:latest name:backend traefik.enable:true traefik.http.routers.backend.entrypoints:websecure traefik.http.routers.backend.rule:Host(`laravel.test`) traefik.http.services.backend.loadbalancer.server.port:8000]} Scope:local Time:1660298361 TimeNano:1660298361933672116}" providerName=docker
time="2022-08-12T09:59:22Z" level=debug msg="Filtering disabled container" providerName=docker container=traefik-traefik-72b32a4523014c590f46c473f669ba1d8b2393c4a4e73b2841142c585da8172e
time="2022-08-12T09:59:22Z" level=debug msg="Filtering disabled container" providerName=docker container=mutagen-atwintaapi-0eefd868e4df52fdf9efed5abf3664fabd9d5e3407ec70ee7e8712df93eae43f
time="2022-08-12T09:59:22Z" level=debug msg="Filtering disabled container" providerName=docker container=redis-databases-483c2e3d963ce2d92b19e333bb2f77d85eae334488c75ffd07e7b0d4818d710b
time="2022-08-12T09:59:22Z" level=debug msg="Filtering disabled container" providerName=docker container=postgres-databases-44fde60949756730035d3dd123e1643106a3dfcab2b1ca1225e9f7456cb79ca8
time="2022-08-12T09:59:22Z" level=debug msg="Filtering disabled container" providerName=docker container=mariadb-databases-129f1177c93ba94772fffc26cb59933a3f1e21c631c68bf0b3a409bf3e8eb3d4
time="2022-08-12T09:59:22Z" level=debug msg="Provider event received {Status:start ID:7abae5a3d0d11f710dbfddc591b2cd4908eb5db80c0a0624578e71ea6462cb4b From:ghcr.io/xwillq/dev-environment/php/8.1-rr:latest Type:container Action:start Actor:{ID:7abae5a3d0d11f710dbfddc591b2cd4908eb5db80c0a0624578e71ea6462cb4b Attributes:map[com.docker.compose.config-hash:c86e7c4a28d956c945214bbb92dd18c96933995f08eb21de67be34314c3f4aa0 com.docker.compose.container-number:1 com.docker.compose.depends_on: com.docker.compose.image:sha256:81c75c7c05565981462ea95f383654d5abf1707f253016bc40ac0797fb268dc3 com.docker.compose.oneoff:False com.docker.compose.project:atwintaapi com.docker.compose.project.config_files:/home/user/AtwintaAPI/docker-compose.yml com.docker.compose.project.working_dir:/home/user/AtwintaAPI com.docker.compose.service:backend com.docker.compose.version:2.6.0 image:ghcr.io/xwillq/dev-environment/php/8.1-rr:latest name:backend traefik.enable:true traefik.http.routers.backend-echo-server.entrypoints:websecure traefik.http.routers.backend-echo-server.rule:Host(`laravel.test`) && PathPrefix(`/socket.io`) traefik.http.services.backend-echo-server.loadbalancer.server.port:6001]} Scope:local Time:1660298362 TimeNano:1660298362612336886}" providerName=docker
time="2022-08-12T09:59:22Z" level=debug msg="Filtering disabled container" providerName=docker container=traefik-traefik-72b32a4523014c590f46c473f669ba1d8b2393c4a4e73b2841142c585da8172e
time="2022-08-12T09:59:22Z" level=debug msg="Filtering disabled container" providerName=docker container=mutagen-atwintaapi-0eefd868e4df52fdf9efed5abf3664fabd9d5e3407ec70ee7e8712df93eae43f
time="2022-08-12T09:59:22Z" level=debug msg="Filtering disabled container" providerName=docker container=redis-databases-483c2e3d963ce2d92b19e333bb2f77d85eae334488c75ffd07e7b0d4818d710b
time="2022-08-12T09:59:22Z" level=debug msg="Filtering disabled container" providerName=docker container=postgres-databases-44fde60949756730035d3dd123e1643106a3dfcab2b1ca1225e9f7456cb79ca8
time="2022-08-12T09:59:22Z" level=debug msg="Filtering disabled container" container=mariadb-databases-129f1177c93ba94772fffc26cb59933a3f1e21c631c68bf0b3a409bf3e8eb3d4 providerName=docker
time="2022-08-12T09:59:23Z" level=debug msg="Configuration received: {\"http\":{\"routers\":{\"backend-echo-server\":{\"entryPoints\":[\"websecure\"],\"service\":\"backend-echo-server\",\"rule\":\"Host(`laravel.test`) \\u0026\\u0026 PathPrefix(`/socket.io`)\"},\"step\":{\"entryPoints\":[\"websecure\"],\"service\":\"step\",\"rule\":\"Host(`step.test`)\"}},\"services\":{\"backend-echo-server\":{\"loadBalancer\":{\"servers\":[{\"url\":\"http://172.92.0.6:6001\"}],\"passHostHeader\":true}},\"step\":{\"loadBalancer\":{\"servers\":[{\"url\":\"https://172.92.0.3:9000\"}],\"passHostHeader\":true,\"serversTransport\":\"insecure@file\"}}}},\"tcp\":{},\"udp\":{}}" providerName=docker
time="2022-08-12T09:59:23Z" level=debug msg="No default certificate, generating one" tlsStoreName=default
time="2022-08-12T09:59:23Z" level=debug msg="Adding certificate for domain(s) step.test"
time="2022-08-12T09:59:23Z" level=debug msg="Adding certificate for domain(s) traefik.test"
time="2022-08-12T09:59:23Z" level=debug msg="Adding certificate for domain(s) laravel.test"
time="2022-08-12T09:59:23Z" level=debug msg="Added outgoing tracing middleware noop@internal" middlewareType=TracingForwarder entryPointName=web routerName=web-to-websecure@internal middlewareName=tracing
time="2022-08-12T09:59:23Z" level=debug msg="Creating middleware" entryPointName=web routerName=web-to-websecure@internal middlewareName=redirect-web-to-websecure@internal middlewareType=RedirectScheme
time="2022-08-12T09:59:23Z" level=debug msg="Setting up redirection to https 443" middlewareType=RedirectScheme entryPointName=web routerName=web-to-websecure@internal middlewareName=redirect-web-to-websecure@internal
time="2022-08-12T09:59:23Z" level=debug msg="Adding tracing to middleware" middlewareName=redirect-web-to-websecure@internal entryPointName=web routerName=web-to-websecure@internal
time="2022-08-12T09:59:23Z" level=debug msg="Creating middleware" middlewareName=traefik-internal-recovery middlewareType=Recovery entryPointName=web
time="2022-08-12T09:59:23Z" level=debug msg="Added outgoing tracing middleware api@internal" routerName=dashboard@file middlewareName=tracing middlewareType=TracingForwarder entryPointName=websecure
time="2022-08-12T09:59:23Z" level=debug msg="Creating middleware" entryPointName=websecure routerName=backend-echo-server@docker serviceName=backend-echo-server middlewareName=pipelining middlewareType=Pipelining
time="2022-08-12T09:59:23Z" level=debug msg="Creating load-balancer" serviceName=backend-echo-server entryPointName=websecure routerName=backend-echo-server@docker
time="2022-08-12T09:59:23Z" level=debug msg="Creating server 0 http://172.92.0.6:6001" entryPointName=websecure routerName=backend-echo-server@docker serviceName=backend-echo-server serverName=0
time="2022-08-12T09:59:23Z" level=debug msg="child http://172.92.0.6:6001 now UP"
time="2022-08-12T09:59:23Z" level=debug msg="Propagating new UP status"
time="2022-08-12T09:59:23Z" level=debug msg="Added outgoing tracing middleware backend-echo-server" entryPointName=websecure routerName=backend-echo-server@docker middlewareName=tracing middlewareType=TracingForwarder
time="2022-08-12T09:59:23Z" level=debug msg="Creating middleware" middlewareName=pipelining middlewareType=Pipelining serviceName=step entryPointName=websecure routerName=step@docker
time="2022-08-12T09:59:23Z" level=debug msg="Creating load-balancer" entryPointName=websecure routerName=step@docker serviceName=step
time="2022-08-12T09:59:23Z" level=debug msg="Creating server 0 https://172.92.0.3:9000" entryPointName=websecure routerName=step@docker serverName=0 serviceName=step
time="2022-08-12T09:59:23Z" level=debug msg="child https://172.92.0.3:9000 now UP"
time="2022-08-12T09:59:23Z" level=debug msg="Propagating new UP status"
time="2022-08-12T09:59:23Z" level=debug msg="Added outgoing tracing middleware step" entryPointName=websecure routerName=step@docker middlewareType=TracingForwarder middlewareName=tracing
time="2022-08-12T09:59:23Z" level=debug msg="Creating middleware" entryPointName=websecure middlewareName=traefik-internal-recovery middlewareType=Recovery
time="2022-08-12T09:59:23Z" level=debug msg="Adding route for laravel.test with TLS options default" entryPointName=websecure
time="2022-08-12T09:59:23Z" level=debug msg="Adding route for step.test with TLS options default" entryPointName=websecure
time="2022-08-12T09:59:23Z" level=debug msg="Adding route for traefik.test with TLS options default" entryPointName=websecure
time="2022-08-12T09:59:23Z" level=debug msg="Try to challenge certificate for domain [step.test] found in HostSNI rule" providerName=step-ca.acme ACME CA="https://step-ca:9000/acme/acme/directory" routerName=step@docker rule="Host(`step.test`)"
time="2022-08-12T09:59:23Z" level=debug msg="Try to challenge certificate for domain [traefik.test] found in HostSNI rule" routerName=dashboard@file rule="Host(`traefik.test`)" providerName=step-ca.acme ACME CA="https://step-ca:9000/acme/acme/directory"
time="2022-08-12T09:59:23Z" level=debug msg="Try to challenge certificate for domain [laravel.test] found in HostSNI rule" rule="Host(`laravel.test`) && PathPrefix(`/socket.io`)" providerName=step-ca.acme ACME CA="https://step-ca:9000/acme/acme/directory" routerName=backend-echo-server@docker
time="2022-08-12T09:59:23Z" level=debug msg="Looking for provided certificate(s) to validate [\"step.test\"]..." providerName=step-ca.acme ACME CA="https://step-ca:9000/acme/acme/directory" routerName=step@docker rule="Host(`step.test`)"
time="2022-08-12T09:59:23Z" level=debug msg="No ACME certificate generation required for domains [\"step.test\"]." ACME CA="https://step-ca:9000/acme/acme/directory" routerName=step@docker rule="Host(`step.test`)" providerName=step-ca.acme
time="2022-08-12T09:59:23Z" level=debug msg="Looking for provided certificate(s) to validate [\"laravel.test\"]..." ACME CA="https://step-ca:9000/acme/acme/directory" routerName=backend-echo-server@docker rule="Host(`laravel.test`) && PathPrefix(`/socket.io`)" providerName=step-ca.acme
time="2022-08-12T09:59:23Z" level=debug msg="No ACME certificate generation required for domains [\"laravel.test\"]." routerName=backend-echo-server@docker rule="Host(`laravel.test`) && PathPrefix(`/socket.io`)" providerName=step-ca.acme ACME CA="https://step-ca:9000/acme/acme/directory"
time="2022-08-12T09:59:23Z" level=debug msg="Looking for provided certificate(s) to validate [\"traefik.test\"]..." ACME CA="https://step-ca:9000/acme/acme/directory" routerName=dashboard@file rule="Host(`traefik.test`)" providerName=step-ca.acme
time="2022-08-12T09:59:23Z" level=debug msg="No ACME certificate generation required for domains [\"traefik.test\"]." providerName=step-ca.acme ACME CA="https://step-ca:9000/acme/acme/directory" routerName=dashboard@file rule="Host(`traefik.test`)"
